e:\studio pf\finalprojectoop\finalprojectoop\x64\debug\vc143.pdb
e:\studio pf\finalprojectoop\finalprojectoop\x64\debug\vc143.idb
e:\studio pf\finalprojectoop\finalprojectoop\x64\debug\sehar.obj
e:\studio pf\finalprojectoop\finalprojectoop\x64\debug\source.obj
e:\studio pf\finalprojectoop\finalprojectoop\x64\debug\sourceee.obj
e:\studio pf\finalprojectoop\finalprojectoop\x64\debug\source1.obj
e:\studio pf\finalprojectoop\finalprojectoop\x64\debug\main.obj
e:\studio pf\finalprojectoop\finalprojectoop\x64\debug\implementation.obj
e:\studio pf\finalprojectoop\x64\debug\finalprojectoop.exe
e:\studio pf\finalprojectoop\finalprojectoop\x64\debug\finalprojectoop.ilk
e:\studio pf\finalprojectoop\x64\debug\finalprojectoop.pdb
e:\studio pf\finalprojectoop\finalprojectoop\x64\debug\finalprojectoop.tlog\cl.command.1.tlog
e:\studio pf\finalprojectoop\finalprojectoop\x64\debug\finalprojectoop.tlog\cl.read.1.tlog
e:\studio pf\finalprojectoop\finalprojectoop\x64\debug\finalprojectoop.tlog\cl.write.1.tlog
e:\studio pf\finalprojectoop\finalprojectoop\x64\debug\finalprojectoop.tlog\link.20460-cvtres.read.1.tlog
e:\studio pf\finalprojectoop\finalprojectoop\x64\debug\finalprojectoop.tlog\link.20460-cvtres.write.1.tlog
e:\studio pf\finalprojectoop\finalprojectoop\x64\debug\finalprojectoop.tlog\link.20460-rc.read.1.tlog
e:\studio pf\finalprojectoop\finalprojectoop\x64\debug\finalprojectoop.tlog\link.20460-rc.write.1.tlog
e:\studio pf\finalprojectoop\finalprojectoop\x64\debug\finalprojectoop.tlog\link.20460.read.1.tlog
e:\studio pf\finalprojectoop\finalprojectoop\x64\debug\finalprojectoop.tlog\link.20460.read.2.tlog
e:\studio pf\finalprojectoop\finalprojectoop\x64\debug\finalprojectoop.tlog\link.20460.write.1.tlog
e:\studio pf\finalprojectoop\finalprojectoop\x64\debug\finalprojectoop.tlog\link.command.1.tlog
e:\studio pf\finalprojectoop\finalprojectoop\x64\debug\finalprojectoop.tlog\link.read.1.tlog
e:\studio pf\finalprojectoop\finalprojectoop\x64\debug\finalprojectoop.tlog\link.write.1.tlog
